[ 2025-07-10 12:10:47,735 ] 21 root - INFO - Environment variables loading complete
[ 2025-07-10 12:10:47,735 ] 14 root - INFO - Pinecone database Connection established
[ 2025-07-10 12:10:48,212 ] 34 root - INFO - medium-data index chosen.
[ 2025-07-10 12:10:48,212 ] 27 root - INFO - Database Setup complete
[ 2025-07-10 12:10:48,864 ] 15 root - INFO - Tokenizer loaded
[ 2025-07-10 12:10:49,308 ] 19 root - INFO - Model loaded
[ 2025-07-10 12:10:49,308 ] 31 root - INFO - NER Engine Setup complete
[ 2025-07-10 12:10:49,308 ] 33 root - INFO - Pipeline initialized
[ 2025-07-10 12:10:49,310 ] 219 sentence_transformers.SentenceTransformer - INFO - Use pytorch device_name: cpu
[ 2025-07-10 12:10:49,310 ] 227 sentence_transformers.SentenceTransformer - INFO - Load pretrained SentenceTransformer: flax-sentence-embeddings/all_datasets_v3_mpnet-base
[ 2025-07-10 12:10:51,522 ] 13 root - INFO - Retriever Initialized
[ 2025-07-10 12:10:51,522 ] 37 root - INFO - Retriever Setup complete
[ 2025-07-10 12:10:52,036 ] 12 root - INFO - Dataset loaded from path ./data/medium_articles_10k.csv
[ 2025-07-10 12:10:52,059 ] 23 root - INFO - Data Prepared for NER Extraction
[ 2025-07-10 12:10:52,059 ] 42 root - INFO - Data Preparation phase complete
[ 2025-07-10 12:11:07,501 ] 69 root - INFO - Upserting till 63 complete
[ 2025-07-10 12:11:20,984 ] 69 root - INFO - Upserting till 127 complete
[ 2025-07-10 12:11:35,377 ] 69 root - INFO - Upserting till 191 complete
[ 2025-07-10 12:11:49,622 ] 69 root - INFO - Upserting till 255 complete
[ 2025-07-10 12:12:03,576 ] 69 root - INFO - Upserting till 319 complete
[ 2025-07-10 12:12:18,104 ] 69 root - INFO - Upserting till 383 complete
[ 2025-07-10 12:12:32,776 ] 69 root - INFO - Upserting till 447 complete
[ 2025-07-10 12:12:47,070 ] 69 root - INFO - Upserting till 511 complete
[ 2025-07-10 12:13:01,030 ] 69 root - INFO - Upserting till 575 complete
[ 2025-07-10 12:13:14,640 ] 69 root - INFO - Upserting till 639 complete
[ 2025-07-10 12:13:28,487 ] 69 root - INFO - Upserting till 703 complete
[ 2025-07-10 12:13:42,248 ] 69 root - INFO - Upserting till 767 complete
[ 2025-07-10 12:13:55,320 ] 69 root - INFO - Upserting till 831 complete
[ 2025-07-10 12:14:08,835 ] 69 root - INFO - Upserting till 895 complete
[ 2025-07-10 12:14:22,150 ] 69 root - INFO - Upserting till 959 complete
[ 2025-07-10 12:14:35,322 ] 69 root - INFO - Upserting till 1023 complete
[ 2025-07-10 12:14:48,475 ] 69 root - INFO - Upserting till 1087 complete
[ 2025-07-10 12:15:01,639 ] 69 root - INFO - Upserting till 1151 complete
[ 2025-07-10 12:15:14,798 ] 69 root - INFO - Upserting till 1215 complete
[ 2025-07-10 12:15:28,024 ] 69 root - INFO - Upserting till 1279 complete
[ 2025-07-10 12:15:41,353 ] 69 root - INFO - Upserting till 1343 complete
[ 2025-07-10 12:15:54,320 ] 69 root - INFO - Upserting till 1407 complete
[ 2025-07-10 12:16:07,505 ] 69 root - INFO - Upserting till 1471 complete
[ 2025-07-10 12:16:20,730 ] 69 root - INFO - Upserting till 1535 complete
[ 2025-07-10 12:16:33,821 ] 69 root - INFO - Upserting till 1599 complete
[ 2025-07-10 12:16:47,281 ] 69 root - INFO - Upserting till 1663 complete
[ 2025-07-10 12:17:01,389 ] 69 root - INFO - Upserting till 1727 complete
[ 2025-07-10 12:17:15,957 ] 69 root - INFO - Upserting till 1791 complete
[ 2025-07-10 12:17:30,381 ] 69 root - INFO - Upserting till 1855 complete
[ 2025-07-10 12:17:45,007 ] 69 root - INFO - Upserting till 1919 complete
[ 2025-07-10 12:17:58,273 ] 69 root - INFO - Upserting till 1983 complete
[ 2025-07-10 12:18:11,359 ] 69 root - INFO - Upserting till 2047 complete
[ 2025-07-10 12:18:24,262 ] 69 root - INFO - Upserting till 2111 complete
[ 2025-07-10 12:18:37,316 ] 69 root - INFO - Upserting till 2175 complete
[ 2025-07-10 12:18:50,295 ] 69 root - INFO - Upserting till 2239 complete
[ 2025-07-10 12:19:03,353 ] 69 root - INFO - Upserting till 2303 complete
[ 2025-07-10 12:19:16,462 ] 69 root - INFO - Upserting till 2367 complete
[ 2025-07-10 12:19:29,547 ] 69 root - INFO - Upserting till 2431 complete
[ 2025-07-10 12:19:42,909 ] 69 root - INFO - Upserting till 2495 complete
[ 2025-07-10 12:19:55,938 ] 69 root - INFO - Upserting till 2559 complete
[ 2025-07-10 12:20:08,731 ] 69 root - INFO - Upserting till 2623 complete
[ 2025-07-10 12:20:21,874 ] 69 root - INFO - Upserting till 2687 complete
[ 2025-07-10 12:20:34,889 ] 69 root - INFO - Upserting till 2751 complete
[ 2025-07-10 12:20:47,840 ] 69 root - INFO - Upserting till 2815 complete
[ 2025-07-10 12:21:00,887 ] 69 root - INFO - Upserting till 2879 complete
[ 2025-07-10 12:21:14,160 ] 69 root - INFO - Upserting till 2943 complete
[ 2025-07-10 12:21:27,118 ] 69 root - INFO - Upserting till 3007 complete
[ 2025-07-10 12:21:39,895 ] 69 root - INFO - Upserting till 3071 complete
[ 2025-07-10 12:21:53,659 ] 69 root - INFO - Upserting till 3135 complete
[ 2025-07-10 12:22:08,100 ] 69 root - INFO - Upserting till 3199 complete
[ 2025-07-10 12:22:22,618 ] 69 root - INFO - Upserting till 3263 complete
[ 2025-07-10 12:22:36,503 ] 69 root - INFO - Upserting till 3327 complete
[ 2025-07-10 12:22:50,820 ] 69 root - INFO - Upserting till 3391 complete
[ 2025-07-10 12:23:04,865 ] 69 root - INFO - Upserting till 3455 complete
[ 2025-07-10 12:23:19,687 ] 69 root - INFO - Upserting till 3519 complete
[ 2025-07-10 12:23:34,339 ] 69 root - INFO - Upserting till 3583 complete
[ 2025-07-10 12:23:48,499 ] 69 root - INFO - Upserting till 3647 complete
[ 2025-07-10 12:24:02,901 ] 69 root - INFO - Upserting till 3711 complete
[ 2025-07-10 12:24:17,682 ] 69 root - INFO - Upserting till 3775 complete
[ 2025-07-10 12:24:32,114 ] 69 root - INFO - Upserting till 3839 complete
[ 2025-07-10 12:24:46,290 ] 69 root - INFO - Upserting till 3903 complete
[ 2025-07-10 12:25:00,383 ] 69 root - INFO - Upserting till 3967 complete
[ 2025-07-10 12:25:14,886 ] 69 root - INFO - Upserting till 4031 complete
[ 2025-07-10 12:25:29,139 ] 69 root - INFO - Upserting till 4095 complete
[ 2025-07-10 12:25:43,018 ] 69 root - INFO - Upserting till 4159 complete
[ 2025-07-10 12:25:57,385 ] 69 root - INFO - Upserting till 4223 complete
[ 2025-07-10 12:26:12,031 ] 69 root - INFO - Upserting till 4287 complete
[ 2025-07-10 12:26:26,685 ] 69 root - INFO - Upserting till 4351 complete
[ 2025-07-10 12:26:41,054 ] 69 root - INFO - Upserting till 4415 complete
[ 2025-07-10 12:26:55,229 ] 69 root - INFO - Upserting till 4479 complete
[ 2025-07-10 12:27:09,882 ] 69 root - INFO - Upserting till 4543 complete
[ 2025-07-10 12:27:24,421 ] 69 root - INFO - Upserting till 4607 complete
[ 2025-07-10 12:27:38,615 ] 69 root - INFO - Upserting till 4671 complete
[ 2025-07-10 12:27:54,019 ] 69 root - INFO - Upserting till 4735 complete
[ 2025-07-10 12:28:07,927 ] 69 root - INFO - Upserting till 4799 complete
[ 2025-07-10 12:28:22,018 ] 69 root - INFO - Upserting till 4863 complete
[ 2025-07-10 12:28:37,824 ] 69 root - INFO - Upserting till 4927 complete
[ 2025-07-10 12:28:50,733 ] 69 root - INFO - Upserting till 4991 complete
[ 2025-07-10 12:29:03,591 ] 69 root - INFO - Upserting till 5055 complete
[ 2025-07-10 12:29:16,717 ] 69 root - INFO - Upserting till 5119 complete
[ 2025-07-10 12:29:29,895 ] 69 root - INFO - Upserting till 5183 complete
[ 2025-07-10 12:29:42,990 ] 69 root - INFO - Upserting till 5247 complete
[ 2025-07-10 12:29:55,916 ] 69 root - INFO - Upserting till 5311 complete
[ 2025-07-10 12:30:08,920 ] 69 root - INFO - Upserting till 5375 complete
[ 2025-07-10 12:30:21,887 ] 69 root - INFO - Upserting till 5439 complete
[ 2025-07-10 12:30:35,067 ] 69 root - INFO - Upserting till 5503 complete
[ 2025-07-10 12:30:47,671 ] 69 root - INFO - Upserting till 5567 complete
[ 2025-07-10 12:31:00,339 ] 69 root - INFO - Upserting till 5631 complete
[ 2025-07-10 12:31:13,367 ] 69 root - INFO - Upserting till 5695 complete
[ 2025-07-10 12:31:26,593 ] 69 root - INFO - Upserting till 5759 complete
[ 2025-07-10 12:31:39,444 ] 69 root - INFO - Upserting till 5823 complete
[ 2025-07-10 12:31:52,338 ] 69 root - INFO - Upserting till 5887 complete
[ 2025-07-10 12:32:05,612 ] 69 root - INFO - Upserting till 5951 complete
[ 2025-07-10 12:32:18,524 ] 69 root - INFO - Upserting till 6015 complete
[ 2025-07-10 12:32:31,477 ] 69 root - INFO - Upserting till 6079 complete
[ 2025-07-10 12:32:44,968 ] 69 root - INFO - Upserting till 6143 complete
[ 2025-07-10 12:32:59,229 ] 69 root - INFO - Upserting till 6207 complete
[ 2025-07-10 12:33:13,776 ] 69 root - INFO - Upserting till 6271 complete
[ 2025-07-10 12:33:28,760 ] 69 root - INFO - Upserting till 6335 complete
[ 2025-07-10 12:33:42,766 ] 69 root - INFO - Upserting till 6399 complete
[ 2025-07-10 12:33:55,829 ] 69 root - INFO - Upserting till 6463 complete
[ 2025-07-10 12:34:08,854 ] 69 root - INFO - Upserting till 6527 complete
[ 2025-07-10 12:34:22,028 ] 69 root - INFO - Upserting till 6591 complete
[ 2025-07-10 12:34:35,527 ] 69 root - INFO - Upserting till 6655 complete
[ 2025-07-10 12:34:48,607 ] 69 root - INFO - Upserting till 6719 complete
[ 2025-07-10 12:35:01,608 ] 69 root - INFO - Upserting till 6783 complete
[ 2025-07-10 12:35:14,159 ] 69 root - INFO - Upserting till 6847 complete
[ 2025-07-10 12:35:27,267 ] 69 root - INFO - Upserting till 6911 complete
[ 2025-07-10 12:35:40,224 ] 69 root - INFO - Upserting till 6975 complete
[ 2025-07-10 12:35:52,911 ] 69 root - INFO - Upserting till 7039 complete
[ 2025-07-10 12:36:05,858 ] 69 root - INFO - Upserting till 7103 complete
[ 2025-07-10 12:36:18,705 ] 69 root - INFO - Upserting till 7167 complete
[ 2025-07-10 12:36:31,955 ] 69 root - INFO - Upserting till 7231 complete
[ 2025-07-10 12:36:44,761 ] 69 root - INFO - Upserting till 7295 complete
[ 2025-07-10 12:36:57,402 ] 69 root - INFO - Upserting till 7359 complete
[ 2025-07-10 12:37:10,391 ] 69 root - INFO - Upserting till 7423 complete
[ 2025-07-10 12:37:23,382 ] 69 root - INFO - Upserting till 7487 complete
[ 2025-07-10 12:37:36,298 ] 69 root - INFO - Upserting till 7551 complete
[ 2025-07-10 12:37:49,052 ] 69 root - INFO - Upserting till 7615 complete
[ 2025-07-10 12:38:02,182 ] 69 root - INFO - Upserting till 7679 complete
[ 2025-07-10 12:38:14,917 ] 69 root - INFO - Upserting till 7743 complete
[ 2025-07-10 12:38:28,321 ] 69 root - INFO - Upserting till 7807 complete
[ 2025-07-10 12:38:42,882 ] 69 root - INFO - Upserting till 7871 complete
[ 2025-07-10 12:38:57,198 ] 69 root - INFO - Upserting till 7935 complete
[ 2025-07-10 12:39:11,690 ] 69 root - INFO - Upserting till 7999 complete
[ 2025-07-10 12:39:26,086 ] 69 root - INFO - Upserting till 8063 complete
[ 2025-07-10 12:39:39,318 ] 69 root - INFO - Upserting till 8127 complete
[ 2025-07-10 12:39:52,256 ] 69 root - INFO - Upserting till 8191 complete
[ 2025-07-10 12:40:05,351 ] 69 root - INFO - Upserting till 8255 complete
[ 2025-07-10 12:40:18,695 ] 69 root - INFO - Upserting till 8319 complete
[ 2025-07-10 12:40:31,638 ] 69 root - INFO - Upserting till 8383 complete
[ 2025-07-10 12:40:44,611 ] 69 root - INFO - Upserting till 8447 complete
[ 2025-07-10 12:40:57,512 ] 69 root - INFO - Upserting till 8511 complete
[ 2025-07-10 12:41:10,441 ] 69 root - INFO - Upserting till 8575 complete
[ 2025-07-10 12:41:23,510 ] 69 root - INFO - Upserting till 8639 complete
[ 2025-07-10 12:41:36,730 ] 69 root - INFO - Upserting till 8703 complete
[ 2025-07-10 12:41:49,898 ] 69 root - INFO - Upserting till 8767 complete
[ 2025-07-10 12:42:03,162 ] 69 root - INFO - Upserting till 8831 complete
[ 2025-07-10 12:42:15,738 ] 69 root - INFO - Upserting till 8895 complete
[ 2025-07-10 12:42:28,598 ] 69 root - INFO - Upserting till 8959 complete
[ 2025-07-10 12:42:42,071 ] 69 root - INFO - Upserting till 9023 complete
[ 2025-07-10 12:42:56,125 ] 69 root - INFO - Upserting till 9087 complete
[ 2025-07-10 12:43:12,867 ] 69 root - INFO - Upserting till 9151 complete
[ 2025-07-10 12:43:30,421 ] 69 root - INFO - Upserting till 9215 complete
[ 2025-07-10 12:43:48,356 ] 69 root - INFO - Upserting till 9279 complete
[ 2025-07-10 12:44:06,209 ] 69 root - INFO - Upserting till 9343 complete
[ 2025-07-10 12:44:24,240 ] 69 root - INFO - Upserting till 9407 complete
[ 2025-07-10 12:44:42,176 ] 69 root - INFO - Upserting till 9471 complete
[ 2025-07-10 12:45:00,458 ] 69 root - INFO - Upserting till 9535 complete
[ 2025-07-10 12:45:17,863 ] 69 root - INFO - Upserting till 9599 complete
[ 2025-07-10 12:45:35,293 ] 69 root - INFO - Upserting till 9663 complete
[ 2025-07-10 12:45:53,923 ] 69 root - INFO - Upserting till 9727 complete
[ 2025-07-10 12:46:12,344 ] 69 root - INFO - Upserting till 9791 complete
[ 2025-07-10 12:46:30,430 ] 69 root - INFO - Upserting till 9855 complete
[ 2025-07-10 12:46:48,652 ] 69 root - INFO - Upserting till 9919 complete
[ 2025-07-10 12:47:06,538 ] 69 root - INFO - Upserting till 9983 complete
[ 2025-07-10 12:47:10,594 ] 69 root - INFO - Upserting till 9998 complete
[ 2025-07-10 12:47:10,594 ] 71 root - INFO - Data Upsertion Complete
